<?xml version="1.0" encoding="UTF-8"?>
<!-- Generated by org.testng.reporters.JUnitReportReporter -->
<testsuite skipped="0" hostname="ORACLEO-61EKHM7" name="automation.automation.First" tests="1" failures="0" timestamp="31 Jan 2024 13:36:02 GMT" time="0.008" errors="0">
  <testcase name="firstscript" time="0.008" classname="automation.automation.First"/>
</testsuite> <!-- automation.automation.First -->
